<?xml version="1.0" encoding="UTF-8" ?>
<testsuites disabled="0" errors="0" failures="0" tests="3" time="44.351">
 <testsuite name="Protractor Demo App" timestamp="2022-09-25T16:30:57" hostname="localhost" time="25.991" errors="0" tests="1" skipped="0" disabled="0" failures="0">
  <testcase classname="Protractor Demo App" name="should have a title" time="25.98" />
 </testsuite>
 <testsuite name="Actions - Demo" timestamp="2022-09-25T16:31:23" hostname="localhost" time="18.36" errors="0" tests="2" skipped="0" disabled="0" failures="0">
  <testcase classname="Actions - Demo" name="Handling Frame" time="15.994" />
  <testcase classname="Actions - Demo" name="Handling Frame" time="2.361" />
 </testsuite>
</testsuites>